Waiting for a connection...
The server and web page are connected!
Scripts are running -  4/1/2017 17:49:41
(node:1954) DeprecationWarning: util.print is deprecated. Use console.log instead.
Scripts are running -  4/1/2017 17:49:41
Scripts are running -  4/1/2017 17:49:41
Scripts are running -  4/1/2017 17:49:41
Scripts are running -  4/1/2017 17:49:41
Scripts are running -  4/1/2017 17:49:41
Scripts are running -  4/1/2017 17:49:41
Temp=69.8*  Humidity=20.0%
Temp=71.6*  Humidity=20.0%
Detected a change in the humid.txt...
Detected a change in the moisture.txt...
Temp=71.6*  Humidity=20.0%
The server and web page are connected!
Temp=71.6*  Humidity=20.0%
Detected a change in the humid.txt...
Detected a change in the humid.txt...
The server and web page are connected!
Temp=71.6*  Humidity=20.0%
Temp=71.6*  Humidity=20.0%
Detected a change in the humid.txt...
Detected a change in the humid.txt...
Detected a change in the humid.txt...
Temp=71.6*  Humidity=20.0%
Scripts are running -  4/1/2017 17:49:58
Temp=71.6*  Humidity=20.0%
Detected a change in the humid.txt...
Detected a change in the humid.txt...
Detected a change in the humid.txt...
Detected a change in the moisture.txt...
Detected a change in the moisture.txt...
Detected a change in the moisture.txt...
Scripts are running -  4/1/2017 17:50:8
Temp=71.6*  Humidity=20.0%
Detected a change in the humid.txt...
Detected a change in the humid.txt...
Detected a change in the humid.txt...
Detected a change in the moisture.txt...
Detected a change in the moisture.txt...
Detected a change in the moisture.txt...
Scripts are running -  4/1/2017 17:51:31
Temp=71.6*  Humidity=20.0%
Detected a change in the humid.txt...
Detected a change in the humid.txt...
Detected a change in the humid.txt...
Detected a change in the moisture.txt...
Detected a change in the moisture.txt...
Detected a change in the moisture.txt...
/home/pi/Documents/healthyPlant/server&scripts/server.js:66
    runChecks();
    ^

ReferenceError: runChecks is not defined
    at Timeout.autoRun [as _onTimeout] (/home/pi/Documents/healthyPlant/server&scripts/server.js:66:5)
    at ontimeout (timers.js:365:14)
    at tryOnTimeout (timers.js:237:5)
    at Timer.listOnTimeout (timers.js:207:5)
